*** Now run 'gdb'.
***
Could not open option rom 'sgabios.bin': No such file or directory
6828 decimal is XXX octal!
entering test_backtrace 5
entering test_backtrace 4
entering test_backtrace 3
entering test_backtrace 2
entering test_backtrace 1
entering test_backtrace 0
ebp = f010ff18 eip = f0100087 arguments: 0 0 0 0 f010098c

	      kern/init.c:19:  test_backtrace+71
ebp = f010ff38 eip = f0100069 arguments: 0 1 f010ff78 0 f010098c

	      kern/init.c:16:  test_backtrace+41
ebp = f010ff58 eip = f0100069 arguments: 1 2 f010ff98 0 f010098c

	      kern/init.c:16:  test_backtrace+41
ebp = f010ff78 eip = f0100069 arguments: 2 3 f010ffb8 0 f010098c

	      kern/init.c:16:  test_backtrace+41
ebp = f010ff98 eip = f0100069 arguments: 3 4 0 0 0

	      kern/init.c:16:  test_backtrace+41
ebp = f010ffb8 eip = f0100069 arguments: 4 5 0 10094 10094

	      kern/init.c:16:  test_backtrace+41
ebp = f010ffd8 eip = f01000ea arguments: 5 1aac 664 0 0

	      kern/init.c:43:  i386_init+77
ebp = f010fff8 eip = f010003e arguments: 111021 0 0 0 0

	      {standard input}:83:  <unknown>+0
leaving test_backtrace 0
leaving test_backtrace 1
leaving test_backtrace 2
leaving test_backtrace 3
leaving test_backtrace 4
leaving test_backtrace 5
Welcome to the JOS kernel monitor!
Type 'help' for a list of commands.

QEMU: Terminated via GDBstub
